Determining if files usbhid.h exist failed with the following output:
Change Dir: /tmp/b/freeglut-3.0.0/build/CMakeFiles/CMakeTmp

Run Build Command:"/usr/bin/make" "cmTC_26afc/fast"
/usr/bin/make -f CMakeFiles/cmTC_26afc.dir/build.make CMakeFiles/cmTC_26afc.dir/build
make[1]: Entering directory '/tmp/b/freeglut-3.0.0/build/CMakeFiles/CMakeTmp'
Building C object CMakeFiles/cmTC_26afc.dir/CheckIncludeFiles.c.o
/usr/bin/cc    -Wall -pedantic    -o CMakeFiles/cmTC_26afc.dir/CheckIncludeFiles.c.o   -c /tmp/b/freeglut-3.0.0/build/CMakeFiles/CMakeTmp/CheckIncludeFiles.c
/tmp/b/freeglut-3.0.0/build/CMakeFiles/CMakeTmp/CheckIncludeFiles.c:2:20: fatal error: usbhid.h: No such file or directory
compilation terminated.
CMakeFiles/cmTC_26afc.dir/build.make:65: recipe for target 'CMakeFiles/cmTC_26afc.dir/CheckIncludeFiles.c.o' failed
make[1]: *** [CMakeFiles/cmTC_26afc.dir/CheckIncludeFiles.c.o] Error 1
make[1]: Leaving directory '/tmp/b/freeglut-3.0.0/build/CMakeFiles/CMakeTmp'
Makefile:126: recipe for target 'cmTC_26afc/fast' failed
make: *** [cmTC_26afc/fast] Error 2

Source:
/* */
#include <usbhid.h>


int main(void){return 0;}

Determining if the function XParseGeometry exists failed with the following output:
Change Dir: /tmp/b/freeglut-3.0.0/build/CMakeFiles/CMakeTmp

Run Build Command:"/usr/bin/make" "cmTC_74bd1/fast"
/usr/bin/make -f CMakeFiles/cmTC_74bd1.dir/build.make CMakeFiles/cmTC_74bd1.dir/build
make[1]: Entering directory '/tmp/b/freeglut-3.0.0/build/CMakeFiles/CMakeTmp'
Building C object CMakeFiles/cmTC_74bd1.dir/CheckFunctionExists.c.o
/usr/bin/cc    -Wall -pedantic -DCHECK_FUNCTION_EXISTS=XParseGeometry   -o CMakeFiles/cmTC_74bd1.dir/CheckFunctionExists.c.o   -c /usr/share/cmake-3.5/Modules/CheckFunctionExists.c
Linking C executable cmTC_74bd1
/usr/bin/cmake -E cmake_link_script CMakeFiles/cmTC_74bd1.dir/link.txt --verbose=1
/usr/bin/cc   -Wall -pedantic -DCHECK_FUNCTION_EXISTS=XParseGeometry    CMakeFiles/cmTC_74bd1.dir/CheckFunctionExists.c.o  -o cmTC_74bd1 -rdynamic -lm 
CMakeFiles/cmTC_74bd1.dir/CheckFunctionExists.c.o: In function `main':
CheckFunctionExists.c:(.text+0x15): undefined reference to `XParseGeometry'
collect2: error: ld returned 1 exit status
CMakeFiles/cmTC_74bd1.dir/build.make:97: recipe for target 'cmTC_74bd1' failed
make[1]: *** [cmTC_74bd1] Error 1
make[1]: Leaving directory '/tmp/b/freeglut-3.0.0/build/CMakeFiles/CMakeTmp'
Makefile:126: recipe for target 'cmTC_74bd1/fast' failed
make: *** [cmTC_74bd1/fast] Error 2


